::1 - - [13/Oct/2022:16:20:42 +0000] "POST /users/signin HTTP/1.1" 401 353 "-" "PostmanRuntime/7.29.2"
::1 - - [13/Oct/2022:16:20:53 +0000] "POST /posts/create HTTP/1.1" 200 147 "-" "PostmanRuntime/7.29.2"
::1 - - [13/Oct/2022:16:21:30 +0000] "POST /posts/create HTTP/1.1" 401 1307 "-" "PostmanRuntime/7.29.2"
::1 - - [13/Oct/2022:16:22:13 +0000] "POST /users/signin HTTP/1.1" 401 353 "-" "PostmanRuntime/7.29.2"
::1 - - [13/Oct/2022:16:22:22 +0000] "POST /users/signin HTTP/1.1" 500 276 "-" "PostmanRuntime/7.29.2"
::1 - - [13/Oct/2022:16:23:06 +0000] "POST /users/signin HTTP/1.1" 200 628 "-" "PostmanRuntime/7.29.2"
::1 - - [13/Oct/2022:16:23:41 +0000] "POST /posts/create HTTP/1.1" 200 147 "-" "PostmanRuntime/7.29.2"
::1 - - [13/Oct/2022:16:27:16 +0000] "POST /posts/create HTTP/1.1" 200 134 "-" "PostmanRuntime/7.29.2"
::1 - - [13/Oct/2022:16:27:39 +0000] "POST /posts/create HTTP/1.1" 500 663 "-" "PostmanRuntime/7.29.2"
::1 - - [13/Oct/2022:16:28:13 +0000] "POST /posts/create HTTP/1.1" 500 1306 "-" "PostmanRuntime/7.29.2"
::1 - - [13/Oct/2022:16:28:23 +0000] "POST /posts/create HTTP/1.1" 200 134 "-" "PostmanRuntime/7.29.2"
::1 - - [13/Oct/2022:16:28:54 +0000] "POST /posts/create HTTP/1.1" 200 134 "-" "PostmanRuntime/7.29.2"
::1 - - [13/Oct/2022:16:30:05 +0000] "POST /posts/create HTTP/1.1" 200 134 "-" "PostmanRuntime/7.29.2"
::1 - - [13/Oct/2022:16:32:07 +0000] "POST /posts/create HTTP/1.1" 500 1572 "-" "PostmanRuntime/7.29.2"
::1 - - [13/Oct/2022:16:32:31 +0000] "POST /posts/create HTTP/1.1" 500 663 "-" "PostmanRuntime/7.29.2"
::1 - - [13/Oct/2022:16:34:04 +0000] "POST /posts/create HTTP/1.1" 500 663 "-" "PostmanRuntime/7.29.2"
::1 - - [13/Oct/2022:16:36:15 +0000] "POST /posts/create HTTP/1.1" 500 663 "-" "PostmanRuntime/7.29.2"
::1 - - [13/Oct/2022:16:36:21 +0000] "POST /posts/create HTTP/1.1" 500 663 "-" "PostmanRuntime/7.29.2"
::1 - - [13/Oct/2022:16:37:54 +0000] "POST /posts/create HTTP/1.1" 500 663 "-" "PostmanRuntime/7.29.2"
::1 - - [13/Oct/2022:16:39:07 +0000] "POST /posts/create HTTP/1.1" 400 37 "-" "PostmanRuntime/7.29.2"
::1 - - [13/Oct/2022:16:39:25 +0000] "POST /posts/create HTTP/1.1" 500 663 "-" "PostmanRuntime/7.29.2"
::1 - - [13/Oct/2022:16:40:03 +0000] "POST /posts/create HTTP/1.1" 500 663 "-" "PostmanRuntime/7.29.2"
::1 - - [13/Oct/2022:16:40:58 +0000] "POST /posts/create HTTP/1.1" 500 663 "-" "PostmanRuntime/7.29.2"
::1 - - [13/Oct/2022:16:41:14 +0000] "POST /posts/create HTTP/1.1" 500 663 "-" "PostmanRuntime/7.29.2"
::1 - - [13/Oct/2022:16:42:14 +0000] "POST /posts/create HTTP/1.1" 500 663 "-" "PostmanRuntime/7.29.2"
::1 - - [13/Oct/2022:16:42:35 +0000] "POST /posts/create HTTP/1.1" 200 124 "-" "PostmanRuntime/7.29.2"
::1 - - [13/Oct/2022:16:43:05 +0000] "POST /posts/create HTTP/1.1" 200 105 "-" "PostmanRuntime/7.29.2"
::1 - - [13/Oct/2022:16:44:54 +0000] "POST /posts/create HTTP/1.1" 200 171 "-" "PostmanRuntime/7.29.2"
::1 - - [13/Oct/2022:16:47:15 +0000] "POST /posts/create HTTP/1.1" 200 134 "-" "PostmanRuntime/7.29.2"
::1 - - [13/Oct/2022:16:47:53 +0000] "POST /posts/create HTTP/1.1" 500 1245 "-" "PostmanRuntime/7.29.2"
::1 - - [13/Oct/2022:16:50:55 +0000] "POST /posts/create HTTP/1.1" 200 171 "-" "PostmanRuntime/7.29.2"
::1 - - [13/Oct/2022:16:51:08 +0000] "POST /posts/create HTTP/1.1" 200 171 "-" "PostmanRuntime/7.29.2"
::1 - - [13/Oct/2022:16:52:50 +0000] "DELETE /posts/634841fb62201d3fa1333726 HTTP/1.1" 401 1297 "-" "PostmanRuntime/7.29.2"
::1 - - [13/Oct/2022:16:53:14 +0000] "DELETE /posts/634841fb62201d3fa1333726 HTTP/1.1" 401 1295 "-" "PostmanRuntime/7.29.2"
::1 - - [13/Oct/2022:16:53:20 +0000] "DELETE /posts/634841fb62201d3fa1333726 HTTP/1.1" 403 1251 "-" "PostmanRuntime/7.29.2"
::1 - - [13/Oct/2022:16:54:09 +0000] "DELETE /posts/634841fb62201d3fa1333726 HTTP/1.1" 403 1251 "-" "PostmanRuntime/7.29.2"
::1 - - [13/Oct/2022:16:55:20 +0000] "POST /users/signup HTTP/1.1" 400 34 "-" "PostmanRuntime/7.29.2"
::1 - - [13/Oct/2022:16:55:38 +0000] "POST /users/signup HTTP/1.1" 201 325 "-" "PostmanRuntime/7.29.2"
::1 - - [13/Oct/2022:16:56:22 +0000] "POST /users/signin HTTP/1.1" 200 651 "-" "PostmanRuntime/7.29.2"
::1 - - [13/Oct/2022:16:57:00 +0000] "POST /posts/create HTTP/1.1" 200 180 "-" "PostmanRuntime/7.29.2"
::1 - - [13/Oct/2022:16:57:41 +0000] "DELETE /posts/6348435c50d61cd88963d5ac HTTP/1.1" 403 1251 "-" "PostmanRuntime/7.29.2"
::1 - - [13/Oct/2022:16:58:41 +0000] "DELETE /posts/6348435c50d61cd88963d5ac HTTP/1.1" 403 1251 "-" "PostmanRuntime/7.29.2"
::1 - - [13/Oct/2022:16:59:08 +0000] "DELETE /posts/6348435c50d61cd88963d5ac HTTP/1.1" 200 64 "-" "PostmanRuntime/7.29.2"
::1 - - [13/Oct/2022:17:00:03 +0000] "POST /users/signin HTTP/1.1" 200 628 "-" "PostmanRuntime/7.29.2"
::1 - - [13/Oct/2022:17:01:41 +0000] "POST /users/signin HTTP/1.1" 400 37 "-" "PostmanRuntime/7.29.2"
::1 - - [13/Oct/2022:17:01:50 +0000] "POST /users/signup HTTP/1.1" 201 313 "-" "PostmanRuntime/7.29.2"
::1 - - [13/Oct/2022:17:02:02 +0000] "POST /users/signin HTTP/1.1" 200 623 "-" "PostmanRuntime/7.29.2"
::1 - - [13/Oct/2022:17:02:39 +0000] "DELETE /posts/6348435c50d61cd88963d5ac HTTP/1.1" 200 64 "-" "PostmanRuntime/7.29.2"
::1 - - [13/Oct/2022:17:03:05 +0000] "DELETE /posts/6348435c50d61cd88963d5ac HTTP/1.1" 200 64 "-" "PostmanRuntime/7.29.2"
::1 - - [13/Oct/2022:17:06:34 +0000] "POST /users/signup HTTP/1.1" 409 355 "-" "PostmanRuntime/7.29.2"
::1 - - [13/Oct/2022:17:06:41 +0000] "POST /users/signup HTTP/1.1" 201 315 "-" "PostmanRuntime/7.29.2"
::1 - - [13/Oct/2022:17:07:26 +0000] "POST /users/signup HTTP/1.1" 409 355 "-" "PostmanRuntime/7.29.2"
::1 - - [13/Oct/2022:17:07:33 +0000] "POST /users/signup HTTP/1.1" 201 317 "-" "PostmanRuntime/7.29.2"
::1 - - [13/Oct/2022:17:08:20 +0000] "POST /users/signup HTTP/1.1" 201 319 "-" "PostmanRuntime/7.29.2"
::1 - - [13/Oct/2022:17:08:49 +0000] "POST /users/signup HTTP/1.1" 201 321 "-" "PostmanRuntime/7.29.2"
::1 - - [13/Oct/2022:17:09:16 +0000] "POST /users/signup HTTP/1.1" 201 321 "-" "PostmanRuntime/7.29.2"
::1 - - [13/Oct/2022:17:09:46 +0000] "POST /users/signin HTTP/1.1" 401 353 "-" "PostmanRuntime/7.29.2"
::1 - - [13/Oct/2022:17:10:03 +0000] "POST /users/signin HTTP/1.1" 200 642 "-" "PostmanRuntime/7.29.2"
::1 - - [13/Oct/2022:17:10:24 +0000] "POST /posts/create HTTP/1.1" 200 174 "-" "PostmanRuntime/7.29.2"
::1 - - [13/Oct/2022:17:10:42 +0000] "POST /users/signup HTTP/1.1" 201 311 "-" "PostmanRuntime/7.29.2"
::1 - - [13/Oct/2022:17:10:50 +0000] "POST /users/signin HTTP/1.1" 200 619 "-" "PostmanRuntime/7.29.2"
::1 - - [13/Oct/2022:17:11:13 +0000] "DELETE /posts/634846803be2b736612fe003 HTTP/1.1" 200 64 "-" "PostmanRuntime/7.29.2"
::1 - - [13/Oct/2022:17:11:51 +0000] "DELETE /posts/634846803be2b736612fe003 HTTP/1.1" 200 64 "-" "PostmanRuntime/7.29.2"
::1 - - [13/Oct/2022:17:18:45 +0000] "POST /users/signup HTTP/1.1" 201 312 "-" "PostmanRuntime/7.29.2"
::1 - - [13/Oct/2022:17:18:54 +0000] "POST /users/signin HTTP/1.1" 200 621 "-" "PostmanRuntime/7.29.2"
::1 - - [13/Oct/2022:17:19:06 +0000] "DELETE /posts/634846803be2b736612fe003 HTTP/1.1" 403 1251 "-" "PostmanRuntime/7.29.2"
::1 - - [13/Oct/2022:17:20:51 +0000] "DELETE /posts/634846803be2b736612fe003 HTTP/1.1" 403 1251 "-" "PostmanRuntime/7.29.2"
::1 - - [13/Oct/2022:17:21:09 +0000] "DELETE /posts/634846803be2b736612fe003 HTTP/1.1" 403 1270 "-" "PostmanRuntime/7.29.2"
::1 - - [13/Oct/2022:17:34:55 +0000] "DELETE /posts/634846803be2b736612fe003 HTTP/1.1" 403 1270 "-" "PostmanRuntime/7.29.2"
::1 - - [13/Oct/2022:17:35:18 +0000] "DELETE /posts/634846803be2b736612fe003 HTTP/1.1" 500 1325 "-" "PostmanRuntime/7.29.2"
::1 - - [13/Oct/2022:17:42:53 +0000] "POST /users/signup HTTP/1.1" 201 312 "-" "PostmanRuntime/7.29.2"
::1 - - [13/Oct/2022:17:42:55 +0000] "POST /users/signup HTTP/1.1" 409 355 "-" "PostmanRuntime/7.29.2"
::1 - - [13/Oct/2022:17:43:04 +0000] "POST /users/signin HTTP/1.1" 400 1063 "-" "PostmanRuntime/7.29.2"
::1 - - [13/Oct/2022:17:43:09 +0000] "POST /users/signin HTTP/1.1" 200 621 "-" "PostmanRuntime/7.29.2"
::1 - - [13/Oct/2022:17:43:35 +0000] "DELETE /posts/634846803be2b736612fe003 HTTP/1.1" 200 64 "-" "PostmanRuntime/7.29.2"
::1 - - [13/Oct/2022:17:44:07 +0000] "POST /users/signup HTTP/1.1" 201 319 "-" "PostmanRuntime/7.29.2"
::1 - - [13/Oct/2022:17:44:16 +0000] "POST /users/signin HTTP/1.1" 400 1063 "-" "PostmanRuntime/7.29.2"
::1 - - [13/Oct/2022:17:44:21 +0000] "POST /users/signin HTTP/1.1" 200 637 "-" "PostmanRuntime/7.29.2"
::1 - - [13/Oct/2022:17:44:30 +0000] "DELETE /posts/634846803be2b736612fe003 HTTP/1.1" 403 1267 "-" "PostmanRuntime/7.29.2"
::1 - - [13/Oct/2022:17:44:52 +0000] "DELETE /posts/634846803be2b736612fe003 HTTP/1.1" 403 1267 "-" "PostmanRuntime/7.29.2"
::1 - - [13/Oct/2022:17:46:12 +0000] "POST /posts/create HTTP/1.1" 403 1285 "-" "PostmanRuntime/7.29.2"
::1 - - [13/Oct/2022:17:46:35 +0000] "POST /posts/create HTTP/1.1" 200 174 "-" "PostmanRuntime/7.29.2"
::1 - - [13/Oct/2022:17:57:21 +0000] "DELETE /posts/63484efba94e13f911fcff26 HTTP/1.1" - - "-" "PostmanRuntime/7.29.2"
::1 - - [13/Oct/2022:17:58:39 +0000] "DELETE /posts/63484efba94e13f911fcff26 HTTP/1.1" 400 68 "-" "PostmanRuntime/7.29.2"
::1 - - [13/Oct/2022:18:20:22 +0000] "POST /users/signup HTTP/1.1" 400 35 "-" "PostmanRuntime/7.29.2"
::1 - - [13/Oct/2022:18:20:40 +0000] "POST /users/signup HTTP/1.1" 201 297 "-" "PostmanRuntime/7.29.2"
::1 - - [13/Oct/2022:18:21:23 +0000] "POST /users/signin HTTP/1.1" 200 579 "-" "PostmanRuntime/7.29.2"
::ffff:127.0.0.1 - - [13/Oct/2022:18:27:50 +0000] "POST /posts/create HTTP/1.1" 401 4107 "-" "-"
::ffff:127.0.0.1 - - [13/Oct/2022:18:28:22 +0000] "POST /posts/create HTTP/1.1" 401 4107 "-" "-"
::ffff:127.0.0.1 - - [13/Oct/2022:18:31:22 +0000] "POST /posts/create HTTP/1.1" 401 4107 "-" "-"
::ffff:127.0.0.1 - - [13/Oct/2022:18:32:00 +0000] "POST /posts/create HTTP/1.1" 401 4107 "-" "-"
::ffff:127.0.0.1 - - [13/Oct/2022:18:32:35 +0000] "POST /posts/create HTTP/1.1" 401 4107 "-" "-"
::ffff:127.0.0.1 - - [13/Oct/2022:18:34:00 +0000] "POST /posts/create HTTP/1.1" 401 4107 "-" "-"
